

Version:	3.50
CmdLine:	C:\Users\HP\OneDrive\Documents\File_Sorter\Orderly\MatrixOS.exe --l4j-debug
JNI:		No
WOW64:		Yes
Working dir:	C:\Users\HP\OneDrive\Documents\File_Sorter\Orderly\.
Requires JDK:	Yes
Requires 64-Bit: Yes
Java min ver:	1.008.000
Java max ver:	
Substitute:	JAVA_HOME = 
JRE paths:	
64-bit search:	SOFTWARE\JavaSoft\Java Development Kit...
64-bit search:	SOFTWARE\JavaSoft\JDK...
Check:		SOFTWARE\JavaSoft\JDK\21.0.10
Version string: 1.021.000_010 / 64-Bit (OK)
Check launcher:	C:\Program Files\Java\jdk-21.0.10\bin\javaw.exe (OK)
Check javac:	C:\Program Files\Java\jdk-21.0.10\bin\javac.exe (OK)
Match:		1.021.000_010
Runtime used:	1.021.000_010 (64-bit)
Substitute:	EXEDIR = C:\Users\HP\OneDrive\Documents\File_Sorter\Orderly
Launcher:	C:\Program Files\Java\jdk-21.0.10\bin\javaw.exe
Launcher args:	-Duser.dir=C:\Users\HP\OneDrive\Documents\File_Sorter\Orderly -jar "C:\Users\HP\OneDrive\Documents\File_Sorter\Orderly\MatrixOS.exe"
Args length:	132/32768 chars
Exit code:	0


Version:	3.50
CmdLine:	C:\Users\HP\OneDrive\Documents\File_Sorter\Orderly\MatrixOS.exe --l4j-debug
JNI:		No
WOW64:		Yes
Working dir:	C:\Users\HP\OneDrive\Documents\File_Sorter\Orderly\.
Requires JDK:	Yes
Requires 64-Bit: Yes
Java min ver:	1.008.000
Java max ver:	
Substitute:	JAVA_HOME = 
JRE paths:	
64-bit search:	SOFTWARE\JavaSoft\Java Development Kit...
64-bit search:	SOFTWARE\JavaSoft\JDK...
Check:		SOFTWARE\JavaSoft\JDK\21.0.10
Version string: 1.021.000_010 / 64-Bit (OK)
Check launcher:	C:\Program Files\Java\jdk-21.0.10\bin\javaw.exe (OK)
Check javac:	C:\Program Files\Java\jdk-21.0.10\bin\javac.exe (OK)
Match:		1.021.000_010
Runtime used:	1.021.000_010 (64-bit)
Substitute:	EXEDIR = C:\Users\HP\OneDrive\Documents\File_Sorter\Orderly
Launcher:	C:\Program Files\Java\jdk-21.0.10\bin\javaw.exe
Launcher args:	-Duser.dir=C:\Users\HP\OneDrive\Documents\File_Sorter\Orderly -jar "C:\Users\HP\OneDrive\Documents\File_Sorter\Orderly\MatrixOS.exe"
Args length:	132/32768 chars
Exit code:	0


Version:	3.50
CmdLine:	C:\Users\HP\OneDrive\Documents\File_Sorter\Orderly\MatrixOS.exe --l4j-debug
JNI:		No
WOW64:		Yes
Working dir:	C:\Users\HP\OneDrive\Documents\File_Sorter\Orderly\.
Requires JDK:	Yes
Requires 64-Bit: Yes
Java min ver:	1.008.000
Java max ver:	
Substitute:	JAVA_HOME = 
JRE paths:	
64-bit search:	SOFTWARE\JavaSoft\Java Development Kit...
64-bit search:	SOFTWARE\JavaSoft\JDK...
Check:		SOFTWARE\JavaSoft\JDK\21.0.10
Version string: 1.021.000_010 / 64-Bit (OK)
Check launcher:	C:\Program Files\Java\jdk-21.0.10\bin\javaw.exe (OK)
Check javac:	C:\Program Files\Java\jdk-21.0.10\bin\javac.exe (OK)
Match:		1.021.000_010
Runtime used:	1.021.000_010 (64-bit)
Substitute:	EXEDIR = C:\Users\HP\OneDrive\Documents\File_Sorter\Orderly
Launcher:	C:\Program Files\Java\jdk-21.0.10\bin\javaw.exe
Launcher args:	-Duser.dir=C:\Users\HP\OneDrive\Documents\File_Sorter\Orderly -jar "C:\Users\HP\OneDrive\Documents\File_Sorter\Orderly\MatrixOS.exe"
Args length:	132/32768 chars
Exit code:	0
